<?xml version="1.0" encoding="UTF-8"?>
<!-- Generated by org.testng.reporters.JUnitReportReporter -->
<testsuite name="dbTests.Test1" tests="1" time="29.107" ignored="0" failures="0" timestamp="29 Mar 2017 20:22:50 GMT" skipped="0" hostname="BA10021SBORGOHA" errors="0">
  <testcase name="Verify_DH_AuditLogs_with_DH" time="29.107" classname="dbTests.Test1"/>
</testsuite> <!-- dbTests.Test1 -->
